Using pre-set license
Built from '2023.2/staging' branch; Version is '2023.2.17f1 (396a1c6fe404) revision 3762716'; Using compiler version '193431935'; Build Type 'Release'
OS: 'Windows 11  (10.0.22631) 64bit Core' Language: 'en' Physical Memory: 16171 MB
BatchMode: 1, IsHumanControllingUs: 0, StartBugReporterOnCrash: 0, Is64bit: 1, IsPro: 1

COMMAND LINE ARGUMENTS:
E:\Unity 2022.2.17f1\Unity 2023.2.17f1\Editor\Unity.exe
-adb2
-batchMode
-noUpm
-name
AssetImportWorker6
-projectPath
C:/Users/x501t/OneDrive/Documents/GitHub/NamelessGame/NamelessGame
-logFile
Logs/AssetImportWorker6.log
-srvPort
54856
-job-worker-count
5
-background-job-worker-count
8
-asset-garbage-collectors
1
Successfully changed project path to: C:/Users/x501t/OneDrive/Documents/GitHub/NamelessGame/NamelessGame
C:/Users/x501t/OneDrive/Documents/GitHub/NamelessGame/NamelessGame
[UnityMemory] Configuration Parameters - Can be set up in boot.config
    "memorysetup-bucket-allocator-granularity=16"
    "memorysetup-bucket-allocator-bucket-count=8"
    "memorysetup-bucket-allocator-block-size=33554432"
    "memorysetup-bucket-allocator-block-count=8"
    "memorysetup-main-allocator-block-size=16777216"
    "memorysetup-thread-allocator-block-size=16777216"
    "memorysetup-gfx-main-allocator-block-size=16777216"
    "memorysetup-gfx-thread-allocator-block-size=16777216"
    "memorysetup-cache-allocator-block-size=4194304"
    "memorysetup-typetree-allocator-block-size=2097152"
    "memorysetup-profiler-bucket-allocator-granularity=16"
    "memorysetup-profiler-bucket-allocator-bucket-count=8"
    "memorysetup-profiler-bucket-allocator-block-size=33554432"
    "memorysetup-profiler-bucket-allocator-block-count=8"
    "memorysetup-profiler-allocator-block-size=16777216"
    "memorysetup-profiler-editor-allocator-block-size=1048576"
    "memorysetup-temp-allocator-size-main=16777216"
    "memorysetup-job-temp-allocator-block-size=2097152"
    "memorysetup-job-temp-allocator-block-size-background=1048576"
    "memorysetup-job-temp-allocator-reduction-small-platforms=262144"
    "memorysetup-allocator-temp-initial-block-size-main=262144"
    "memorysetup-allocator-temp-initial-block-size-worker=262144"
    "memorysetup-temp-allocator-size-background-worker=32768"
    "memorysetup-temp-allocator-size-job-worker=262144"
    "memorysetup-temp-allocator-size-preload-manager=33554432"
    "memorysetup-temp-allocator-size-nav-mesh-worker=65536"
    "memorysetup-temp-allocator-size-audio-worker=65536"
    "memorysetup-temp-allocator-size-cloud-worker=32768"
    "memorysetup-temp-allocator-size-gi-baking-worker=262144"
    "memorysetup-temp-allocator-size-gi-baking-worker=262144"
    "memorysetup-temp-allocator-size-gi-baking-worker=262144"
    "memorysetup-temp-allocator-size-gi-baking-worker=262144"
    "memorysetup-temp-allocator-size-gfx=262144"
Player connection [20964] Host "[IP] 11.35.149.22 [Port] 0 [Flags] 2 [Guid] 191692507 [EditorId] 191692507 [Version] 1048832 [Id] WindowsEditor(7,LAPTOP-NL4EJUR3) [Debug] 1 [PackageName] WindowsEditor [ProjectName] Editor" joined multi-casting on [225.0.0.222:54997]...
Player connection [20964] Host "[IP] 11.35.149.22 [Port] 0 [Flags] 2 [Guid] 191692507 [EditorId] 191692507 [Version] 1048832 [Id] WindowsEditor(7,LAPTOP-NL4EJUR3) [Debug] 1 [PackageName] WindowsEditor [ProjectName] Editor" joined alternative multi-casting on [225.0.0.222:34997]...
JobSystem: Creating JobQueue using job-worker-count value 5
[Physics::Module] Initialized MultithreadedJobDispatcher with 5 workers.
Library Redirect Path: Library/
Refreshing native plugins compatible for Editor in 1.95 ms, found 3 plugins.
Preloading 0 native plugins for Editor in 0.00 ms.
Initialize engine version: 2023.2.17f1 (396a1c6fe404)
[Subsystems] Discovering subsystems at path E:/Unity 2022.2.17f1/Unity 2023.2.17f1/Editor/Data/Resources/UnitySubsystems
[Subsystems] Discovering subsystems at path C:/Users/x501t/OneDrive/Documents/GitHub/NamelessGame/NamelessGame/Assets
GfxDevice: creating device client; kGfxThreadingModeNonThreaded
Direct3D:
    Version:  Direct3D 11.0 [level 11.1]
    Renderer: NVIDIA GeForce GTX 1650 Ti (ID=0x1f95)
    Vendor:   NVIDIA
    VRAM:     3935 MB
    Driver:   31.0.15.5161
Initialize mono
Mono path[0] = 'E:/Unity 2022.2.17f1/Unity 2023.2.17f1/Editor/Data/Managed'
Mono path[1] = 'E:/Unity 2022.2.17f1/Unity 2023.2.17f1/Editor/Data/MonoBleedingEdge/lib/mono/unityjit-win32'
Mono config path = 'E:/Unity 2022.2.17f1/Unity 2023.2.17f1/Editor/Data/MonoBleedingEdge/etc'
Using monoOptions --debugger-agent=transport=dt_socket,embedding=1,server=y,suspend=n,address=127.0.0.1:56668
Begin MonoManager ReloadAssembly
C:\build\output\Unity-Technologies\mono\mono\metadata\icall.c:1842:
C:\build\output\Unity-Technologies\mono\mono\metadata\icall.c:1842:
C:\build\output\Unity-Technologies\mono\mono\metadata\icall.c:1842:
C:\build\output\Unity-Technologies\mono\mono\metadata\icall.c:1842:
C:\build\output\Unity-Technologies\mono\mono\metadata\icall.c:1842:
C:\build\output\Unity-Technologies\mono\mono\metadata\icall.c:1842:
C:\build\output\Unity-Technologies\mono\mono\metadata\icall.c:1842:
C:\build\output\Unity-Technologies\mono\mono\metadata\icall.c:1842:
C:\build\output\Unity-Technologies\mono\mono\metadata\icall.c:1842:
C:\build\output\Unity-Technologies\mono\mono\metadata\icall.c:1842:
Registering precompiled unity dll's ...
Register platform support module: E:/Unity 2022.2.17f1/Unity 2023.2.17f1/Editor/Data/PlaybackEngines/WindowsStandaloneSupport/UnityEditor.WindowsStandalone.Extensions.dll
Registered in 0.004416 seconds.
- Loaded All Assemblies, in  0.668 seconds
Native extension for WindowsStandalone target not found
Mono: successfully reloaded assembly
C:\build\output\Unity-Technologies\mono\mono\metadata\icall.c:1842:
C:\build\output\Unity-Technologies\mono\mono\metadata\icall.c:1842:
- Finished resetting the current domain, in  0.638 seconds
Domain Reload Profiling: 1306ms
	BeginReloadAssembly (195ms)
		ExecutionOrderSort (0ms)
		DisableScriptedObjects (0ms)
		BackupInstance (0ms)
		ReleaseScriptingObjects (0ms)
		CreateAndSetChildDomain (1ms)
	RebuildCommonClasses (57ms)
	RebuildNativeTypeToScriptingClass (27ms)
	initialDomainReloadingComplete (77ms)
	LoadAllAssembliesAndSetupDomain (312ms)
		LoadAssemblies (194ms)
		RebuildTransferFunctionScriptingTraits (0ms)
		AnalyzeDomain (309ms)
			TypeCache.Refresh (306ms)
				TypeCache.ScanAssembly (281ms)
			BuildScriptInfoCaches (0ms)
			ResolveRequiredComponents (1ms)
	FinalizeReload (638ms)
		ReleaseScriptCaches (0ms)
		RebuildScriptCaches (0ms)
		SetupLoadedEditorAssemblies (534ms)
			LogAssemblyErrors (0ms)
			InitializePlatformSupportModulesInManaged (14ms)
			SetLoadedEditorAssemblies (9ms)
			BeforeProcessingInitializeOnLoad (10ms)
			ProcessInitializeOnLoadAttributes (402ms)
			ProcessInitializeOnLoadMethodAttributes (98ms)
			AfterProcessingInitializeOnLoad (0ms)
			EditorAssembliesLoaded (0ms)
		ExecutionOrderSort2 (0ms)
		AwakeInstancesAfterBackupRestoration (0ms)
========================================================================
Worker process is ready to serve import requests
Import Worker Mode flag is 0x00
Begin MonoManager ReloadAssembly
C:\build\output\Unity-Technologies\mono\mono\metadata\icall.c:1842:
C:\build\output\Unity-Technologies\mono\mono\metadata\icall.c:1842:
C:\build\output\Unity-Technologies\mono\mono\metadata\icall.c:1842:
C:\build\output\Unity-Technologies\mono\mono\metadata\icall.c:1842:
C:\build\output\Unity-Technologies\mono\mono\metadata\icall.c:1842:
C:\build\output\Unity-Technologies\mono\mono\metadata\icall.c:1842:
C:\build\output\Unity-Technologies\mono\mono\metadata\icall.c:1842:
C:\build\output\Unity-Technologies\mono\mono\metadata\icall.c:1842:
C:\build\output\Unity-Technologies\mono\mono\metadata\icall.c:1842:
C:\build\output\Unity-Technologies\mono\mono\metadata\icall.c:1842:
C:\build\output\Unity-Technologies\mono\mono\metadata\icall.c:1842:
C:\build\output\Unity-Technologies\mono\mono\metadata\icall.c:1842:
Symbol file LoadedFromMemory doesn't match image C:\Users\x501t\OneDrive\Documents\GitHub\NamelessGame\NamelessGame\Library\PackageCache\com.unity.visualscripting@1.8.0\Editor\VisualScripting.Core\Dependencies\YamlDotNet\Unity.VisualScripting.YamlDotNet.dll
Symbol file LoadedFromMemory doesn't match image C:\Users\x501t\OneDrive\Documents\GitHub\NamelessGame\NamelessGame\Library\PackageCache\com.unity.visualscripting@1.8.0\Editor\VisualScripting.Core\Dependencies\DotNetZip\Unity.VisualScripting.IonicZip.dll
- Loaded All Assemblies, in  1.752 seconds
Refreshing native plugins compatible for Editor in 1.50 ms, found 3 plugins.
Native extension for WindowsStandalone target not found
Mono: successfully reloaded assembly
- Finished resetting the current domain, in  1.670 seconds
Domain Reload Profiling: 3418ms
	BeginReloadAssembly (782ms)
		ExecutionOrderSort (0ms)
		DisableScriptedObjects (10ms)
		BackupInstance (0ms)
		ReleaseScriptingObjects (0ms)
		CreateAndSetChildDomain (55ms)
	RebuildCommonClasses (84ms)
	RebuildNativeTypeToScriptingClass (29ms)
	initialDomainReloadingComplete (64ms)
	LoadAllAssembliesAndSetupDomain (788ms)
		LoadAssemblies (574ms)
		RebuildTransferFunctionScriptingTraits (0ms)
		AnalyzeDomain (415ms)
			TypeCache.Refresh (359ms)
				TypeCache.ScanAssembly (328ms)
			BuildScriptInfoCaches (40ms)
			ResolveRequiredComponents (10ms)
	FinalizeReload (1672ms)
		ReleaseScriptCaches (0ms)
		RebuildScriptCaches (0ms)
		SetupLoadedEditorAssemblies (1271ms)
			LogAssemblyErrors (0ms)
			InitializePlatformSupportModulesInManaged (5ms)
			SetLoadedEditorAssemblies (7ms)
			BeforeProcessingInitializeOnLoad (72ms)
			ProcessInitializeOnLoadAttributes (1145ms)
			ProcessInitializeOnLoadMethodAttributes (39ms)
			AfterProcessingInitializeOnLoad (3ms)
			EditorAssembliesLoaded (0ms)
		ExecutionOrderSort2 (0ms)
		AwakeInstancesAfterBackupRestoration (14ms)
Launched and connected shader compiler UnityShaderCompiler.exe after 0.02 seconds
Refreshing native plugins compatible for Editor in 1.47 ms, found 3 plugins.
Preloading 0 native plugins for Editor in 0.00 ms.
Unloading 9 Unused Serialized files (Serialized files now loaded: 0)
Unloading 3142 unused Assets / (1.4 MB). Loaded Objects now: 3717.
Memory consumption went from 102.2 MB to 100.8 MB.
Total: 11.424000 ms (FindLiveObjects: 0.616800 ms CreateObjectMapping: 0.763400 ms MarkObjects: 8.054700 ms  DeleteObjects: 1.987700 ms)

========================================================================
Received Prepare
Begin MonoManager ReloadAssembly
C:\build\output\Unity-Technologies\mono\mono\metadata\icall.c:1842:
C:\build\output\Unity-Technologies\mono\mono\metadata\icall.c:1842:
C:\build\output\Unity-Technologies\mono\mono\metadata\icall.c:1842:
C:\build\output\Unity-Technologies\mono\mono\metadata\icall.c:1842:
C:\build\output\Unity-Technologies\mono\mono\metadata\icall.c:1842:
C:\build\output\Unity-Technologies\mono\mono\metadata\icall.c:1842:
C:\build\output\Unity-Technologies\mono\mono\metadata\icall.c:1842:
C:\build\output\Unity-Technologies\mono\mono\metadata\icall.c:1842:
C:\build\output\Unity-Technologies\mono\mono\metadata\icall.c:1842:
C:\build\output\Unity-Technologies\mono\mono\metadata\icall.c:1842:
C:\build\output\Unity-Technologies\mono\mono\metadata\icall.c:1842:
C:\build\output\Unity-Technologies\mono\mono\metadata\icall.c:1842:
Symbol file LoadedFromMemory doesn't match image C:\Users\x501t\OneDrive\Documents\GitHub\NamelessGame\NamelessGame\Library\PackageCache\com.unity.visualscripting@1.8.0\Editor\VisualScripting.Core\Dependencies\YamlDotNet\Unity.VisualScripting.YamlDotNet.dll
Symbol file LoadedFromMemory doesn't match image C:\Users\x501t\OneDrive\Documents\GitHub\NamelessGame\NamelessGame\Library\PackageCache\com.unity.visualscripting@1.8.0\Editor\VisualScripting.Core\Dependencies\DotNetZip\Unity.VisualScripting.IonicZip.dll
- Loaded All Assemblies, in  1.104 seconds
Refreshing native plugins compatible for Editor in 1.61 ms, found 3 plugins.
Native extension for WindowsStandalone target not found
Mono: successfully reloaded assembly
- Finished resetting the current domain, in  1.983 seconds
Domain Reload Profiling: 3087ms
	BeginReloadAssembly (344ms)
		ExecutionOrderSort (0ms)
		DisableScriptedObjects (12ms)
		BackupInstance (0ms)
		ReleaseScriptingObjects (0ms)
		CreateAndSetChildDomain (85ms)
	RebuildCommonClasses (78ms)
	RebuildNativeTypeToScriptingClass (32ms)
	initialDomainReloadingComplete (42ms)
	LoadAllAssembliesAndSetupDomain (607ms)
		LoadAssemblies (524ms)
		RebuildTransferFunctionScriptingTraits (0ms)
		AnalyzeDomain (269ms)
			TypeCache.Refresh (12ms)
				TypeCache.ScanAssembly (0ms)
			BuildScriptInfoCaches (245ms)
			ResolveRequiredComponents (7ms)
	FinalizeReload (1984ms)
		ReleaseScriptCaches (0ms)
		RebuildScriptCaches (0ms)
		SetupLoadedEditorAssemblies (1498ms)
			LogAssemblyErrors (0ms)
			InitializePlatformSupportModulesInManaged (6ms)
			SetLoadedEditorAssemblies (11ms)
			BeforeProcessingInitializeOnLoad (96ms)
			ProcessInitializeOnLoadAttributes (1331ms)
			ProcessInitializeOnLoadMethodAttributes (49ms)
			AfterProcessingInitializeOnLoad (4ms)
			EditorAssembliesLoaded (0ms)
		ExecutionOrderSort2 (0ms)
		AwakeInstancesAfterBackupRestoration (20ms)
Refreshing native plugins compatible for Editor in 2.33 ms, found 3 plugins.
Preloading 0 native plugins for Editor in 0.00 ms.
Unloading 0 Unused Serialized files (Serialized files now loaded: 0)
Unloading 3140 unused Assets / (0.8 MB). Loaded Objects now: 3717.
Memory consumption went from 102.2 MB to 101.4 MB.
Total: 13.087500 ms (FindLiveObjects: 0.675300 ms CreateObjectMapping: 0.851400 ms MarkObjects: 9.155800 ms  DeleteObjects: 2.402400 ms)

Prepare: number of updated asset objects reloaded= 0
========================================================================
Received Import Request.
  Time since last request: 12389.967378 seconds.
  path: Assets/Models/Medieval/Scenes/Demo.unity
  artifactKey: Guid(4e0b2b51b6662be4f9d98e95645aff16) Importer(815301076,1909f56bfc062723c751e8b465ee728b)
Start importing Assets/Models/Medieval/Scenes/Demo.unity using Guid(4e0b2b51b6662be4f9d98e95645aff16) Importer(815301076,1909f56bfc062723c751e8b465ee728b) (PreviewImporter) -> (artifact id: '075b4b78688e22b28df9b48bf1974e70') in 0.0087548 seconds
Number of updated asset objects reloaded before import = 0Number of asset objects unloaded after import = 0

========================================================================
Received Import Request.
  Time since last request: 9.193050 seconds.
  path: Assets/Models/Medieval/Art/Floor.mat
  artifactKey: Guid(2c198d9e37e61244498aa9d1ab419899) Importer(815301076,1909f56bfc062723c751e8b465ee728b)
Start importing Assets/Models/Medieval/Art/Floor.mat using Guid(2c198d9e37e61244498aa9d1ab419899) Importer(815301076,1909f56bfc062723c751e8b465ee728b) (PreviewImporter) -> (artifact id: '4997e6521a6ed383d9d000d4821ae479') in 0.1412938 seconds
Number of updated asset objects reloaded before import = 0Number of asset objects unloaded after import = 1

========================================================================
Received Import Request.
  Time since last request: 1.968969 seconds.
  path: Assets/Models/Medieval/Art/Textures
  artifactKey: Guid(6e80142a120d2214b80f38dce6e0b97d) Importer(815301076,1909f56bfc062723c751e8b465ee728b)
Start importing Assets/Models/Medieval/Art/Textures using Guid(6e80142a120d2214b80f38dce6e0b97d) Importer(815301076,1909f56bfc062723c751e8b465ee728b) (PreviewImporter) -> (artifact id: '4f5085458ed7f4300acf953f45948837') in 0.0006283 seconds
Number of updated asset objects reloaded before import = 0Number of asset objects unloaded after import = 0

========================================================================
Received Import Request.
  Time since last request: 0.092403 seconds.
  path: Assets/Models/Medieval/Art/Textures/BridgeTexture.png
  artifactKey: Guid(a04d73780dc0c604ca3d9e8b2fe7211e) Importer(815301076,1909f56bfc062723c751e8b465ee728b)
Start importing Assets/Models/Medieval/Art/Textures/BridgeTexture.png using Guid(a04d73780dc0c604ca3d9e8b2fe7211e) Importer(815301076,1909f56bfc062723c751e8b465ee728b) (PreviewImporter) -> (artifact id: 'a352b8f648dac2b62b29bbd1857d54f1') in 0.0295843 seconds
Number of updated asset objects reloaded before import = 0Number of asset objects unloaded after import = 2

========================================================================
Received Import Request.
  Time since last request: 0.000045 seconds.
  path: Assets/Models/Medieval/Art/Textures/CasaBTextura.png
  artifactKey: Guid(515e2eaa313418141b26f52044132684) Importer(815301076,1909f56bfc062723c751e8b465ee728b)
Start importing Assets/Models/Medieval/Art/Textures/CasaBTextura.png using Guid(515e2eaa313418141b26f52044132684) Importer(815301076,1909f56bfc062723c751e8b465ee728b) (PreviewImporter) -> (artifact id: '1a8192047b1fbec6d1e7b1c0dbbf98ec') in 0.0132975 seconds
Number of updated asset objects reloaded before import = 0Number of asset objects unloaded after import = 2

========================================================================
Received Import Request.
  Time since last request: 0.000063 seconds.
  path: Assets/Models/Medieval/Art/Textures/CastleWallTexture.png
  artifactKey: Guid(ba3f95b2ca63fdf4d93409dda1c25f12) Importer(815301076,1909f56bfc062723c751e8b465ee728b)
Start importing Assets/Models/Medieval/Art/Textures/CastleWallTexture.png using Guid(ba3f95b2ca63fdf4d93409dda1c25f12) Importer(815301076,1909f56bfc062723c751e8b465ee728b) (PreviewImporter) -> (artifact id: 'ff77189aa222c179427b282dc037cdcd') in 0.0147951 seconds
Number of updated asset objects reloaded before import = 0Number of asset objects unloaded after import = 2

========================================================================
Received Import Request.
  Time since last request: 0.000027 seconds.
  path: Assets/Models/Medieval/Art/Textures/CastleTexture.png
  artifactKey: Guid(d10822b4cca708f44ade4fcb63a76e65) Importer(815301076,1909f56bfc062723c751e8b465ee728b)
Start importing Assets/Models/Medieval/Art/Textures/CastleTexture.png using Guid(d10822b4cca708f44ade4fcb63a76e65) Importer(815301076,1909f56bfc062723c751e8b465ee728b) (PreviewImporter) -> (artifact id: 'f682c52215e05548b537995256bfe3c7') in 0.0157071 seconds
Number of updated asset objects reloaded before import = 0Number of asset objects unloaded after import = 2

========================================================================
Received Import Request.
  Time since last request: 0.000067 seconds.
  path: Assets/Models/Medieval/Art/Textures/CastleTopTexture.png
  artifactKey: Guid(67ad61ea1fd446b468fe7992fbb3455b) Importer(815301076,1909f56bfc062723c751e8b465ee728b)
Start importing Assets/Models/Medieval/Art/Textures/CastleTopTexture.png using Guid(67ad61ea1fd446b468fe7992fbb3455b) Importer(815301076,1909f56bfc062723c751e8b465ee728b) (PreviewImporter) -> (artifact id: 'a53e161581572bc0098579204e3fcb32') in 0.0192426 seconds
Number of updated asset objects reloaded before import = 0Number of asset objects unloaded after import = 2

========================================================================
Received Import Request.
  Time since last request: 0.000036 seconds.
  path: Assets/Models/Medieval/Art/Textures/CastleTowerTexture.png
  artifactKey: Guid(4f5f584a2b663ea4bb16a52da4041720) Importer(815301076,1909f56bfc062723c751e8b465ee728b)
Start importing Assets/Models/Medieval/Art/Textures/CastleTowerTexture.png using Guid(4f5f584a2b663ea4bb16a52da4041720) Importer(815301076,1909f56bfc062723c751e8b465ee728b) (PreviewImporter) -> (artifact id: '0189be5d028a01ad7becf6dbb0c1ff15') in 0.0145482 seconds
Number of updated asset objects reloaded before import = 0Number of asset objects unloaded after import = 2

========================================================================
Received Import Request.
  Time since last request: 0.000060 seconds.
  path: Assets/Models/Medieval/Art/Textures/CastleTowerBTexture.png
  artifactKey: Guid(ab05a9a1fc2f9c84d8f53892c74e188a) Importer(815301076,1909f56bfc062723c751e8b465ee728b)
Start importing Assets/Models/Medieval/Art/Textures/CastleTowerBTexture.png using Guid(ab05a9a1fc2f9c84d8f53892c74e188a) Importer(815301076,1909f56bfc062723c751e8b465ee728b) (PreviewImporter) -> (artifact id: 'f7563ede5d46111e2c13deba4e91c66c') in 0.0136697 seconds
Number of updated asset objects reloaded before import = 0Number of asset objects unloaded after import = 2

========================================================================
Received Import Request.
  Time since last request: 0.000051 seconds.
  path: Assets/Models/Medieval/Art/Textures/DoorsWindowsTexture.png
  artifactKey: Guid(0567fd25c689cb642b22e70a3a26e0e1) Importer(815301076,1909f56bfc062723c751e8b465ee728b)
Start importing Assets/Models/Medieval/Art/Textures/DoorsWindowsTexture.png using Guid(0567fd25c689cb642b22e70a3a26e0e1) Importer(815301076,1909f56bfc062723c751e8b465ee728b) (PreviewImporter) -> (artifact id: 'f4ed58825564102cc4f7b76207b5707c') in 0.0142148 seconds
Number of updated asset objects reloaded before import = 0Number of asset objects unloaded after import = 2

========================================================================
Received Import Request.
  Time since last request: 4.313803 seconds.
  path: Assets/Models/Medieval/Art/Model/Bridge.fbx
  artifactKey: Guid(a18e05c3226dd274caeb4a43212e40c8) Importer(815301076,1909f56bfc062723c751e8b465ee728b)
Start importing Assets/Models/Medieval/Art/Model/Bridge.fbx using Guid(a18e05c3226dd274caeb4a43212e40c8) Importer(815301076,1909f56bfc062723c751e8b465ee728b) (PreviewImporter) -> (artifact id: '193cee861041311959bfb94e9de706c3') in 0.1387775 seconds
Number of updated asset objects reloaded before import = 0Number of asset objects unloaded after import = 21

========================================================================
Received Import Request.
  Time since last request: 0.000043 seconds.
  path: Assets/Models/Medieval/Art/Model/Wall.fbx
  artifactKey: Guid(38b797ba6cc77df40a51cd3200365644) Importer(815301076,1909f56bfc062723c751e8b465ee728b)
Start importing Assets/Models/Medieval/Art/Model/Wall.fbx using Guid(38b797ba6cc77df40a51cd3200365644) Importer(815301076,1909f56bfc062723c751e8b465ee728b) (PreviewImporter) -> (artifact id: '8737311b3b085a80d8e2ebc5ec6507ef') in 0.0496276 seconds
Number of updated asset objects reloaded before import = 0Number of asset objects unloaded after import = 16

========================================================================
Received Import Request.
  Time since last request: 0.000088 seconds.
  path: Assets/Models/Medieval/Art/Model/Tower A.fbx
  artifactKey: Guid(57a04a7dff8956f4299182fd6145b5b5) Importer(815301076,1909f56bfc062723c751e8b465ee728b)
Start importing Assets/Models/Medieval/Art/Model/Tower A.fbx using Guid(57a04a7dff8956f4299182fd6145b5b5) Importer(815301076,1909f56bfc062723c751e8b465ee728b) (PreviewImporter) -> (artifact id: '6a9b5d138c14753529f75889dd4a2fb7') in 0.0329382 seconds
Number of updated asset objects reloaded before import = 0Number of asset objects unloaded after import = 9

========================================================================
Received Import Request.
  Time since last request: 0.000038 seconds.
  path: Assets/Models/Medieval/Art/Model/Doors and Windows.fbx
  artifactKey: Guid(d05fa8828be199048bb709f826cc3c53) Importer(815301076,1909f56bfc062723c751e8b465ee728b)
Start importing Assets/Models/Medieval/Art/Model/Doors and Windows.fbx using Guid(d05fa8828be199048bb709f826cc3c53) Importer(815301076,1909f56bfc062723c751e8b465ee728b) (PreviewImporter) -> (artifact id: '8fa4e15bd937ea8eed0776fe7f124205') in 0.1242906 seconds
Number of updated asset objects reloaded before import = 0Number of asset objects unloaded after import = 41

========================================================================
Received Import Request.
  Time since last request: 1.336516 seconds.
  path: Assets/Models/Medieval/Art/Model/Materials
  artifactKey: Guid(57abc5ad12a577542a6362db3cfe6a97) Importer(815301076,1909f56bfc062723c751e8b465ee728b)
Start importing Assets/Models/Medieval/Art/Model/Materials using Guid(57abc5ad12a577542a6362db3cfe6a97) Importer(815301076,1909f56bfc062723c751e8b465ee728b) (PreviewImporter) -> (artifact id: 'e7140b85766f871f7f4b0798fb5f00fc') in 0.0013414 seconds
Number of updated asset objects reloaded before import = 0Number of asset objects unloaded after import = 0

========================================================================
Received Import Request.
  Time since last request: 0.051231 seconds.
  path: Assets/Models/Medieval/Art/Model/Materials/BridgeTexture.mat
  artifactKey: Guid(5fbbc43ab9bdb8e4d9af0684cfb40f9d) Importer(815301076,1909f56bfc062723c751e8b465ee728b)
Start importing Assets/Models/Medieval/Art/Model/Materials/BridgeTexture.mat using Guid(5fbbc43ab9bdb8e4d9af0684cfb40f9d) Importer(815301076,1909f56bfc062723c751e8b465ee728b) (PreviewImporter) -> (artifact id: '62194ff41955ce4f8a7fee118a8450e9') in 0.0168969 seconds
Number of updated asset objects reloaded before import = 0Number of asset objects unloaded after import = 2

========================================================================
Received Import Request.
  Time since last request: 0.000034 seconds.
  path: Assets/Models/Medieval/Art/Model/Materials/CastleTexture.mat
  artifactKey: Guid(31a4673ea55360d46b2b47bdbef014d1) Importer(815301076,1909f56bfc062723c751e8b465ee728b)
Start importing Assets/Models/Medieval/Art/Model/Materials/CastleTexture.mat using Guid(31a4673ea55360d46b2b47bdbef014d1) Importer(815301076,1909f56bfc062723c751e8b465ee728b) (PreviewImporter) -> (artifact id: '3c8e48f868351714b0cc49b29a8deb11') in 0.0163303 seconds
Number of updated asset objects reloaded before import = 0Number of asset objects unloaded after import = 2

========================================================================
Received Import Request.
  Time since last request: 0.000032 seconds.
  path: Assets/Models/Medieval/Art/Model/Materials/CastleWallTexture.mat
  artifactKey: Guid(da9a573d7a0024a4d918df62e1720a31) Importer(815301076,1909f56bfc062723c751e8b465ee728b)
Start importing Assets/Models/Medieval/Art/Model/Materials/CastleWallTexture.mat using Guid(da9a573d7a0024a4d918df62e1720a31) Importer(815301076,1909f56bfc062723c751e8b465ee728b) (PreviewImporter) -> (artifact id: '354e8e9393e19bf158480e13a09dbbf6') in 0.0188736 seconds
Number of updated asset objects reloaded before import = 0Number of asset objects unloaded after import = 2

========================================================================
Received Import Request.
  Time since last request: 0.000055 seconds.
  path: Assets/Models/Medieval/Art/Model/Materials/DoorsWindowsTexture.mat
  artifactKey: Guid(236df0a5ee228a642849d2fb6276bb84) Importer(815301076,1909f56bfc062723c751e8b465ee728b)
Start importing Assets/Models/Medieval/Art/Model/Materials/DoorsWindowsTexture.mat using Guid(236df0a5ee228a642849d2fb6276bb84) Importer(815301076,1909f56bfc062723c751e8b465ee728b) (PreviewImporter) -> (artifact id: '53efc420bd9c717d567363e34a3cb2de') in 0.0176318 seconds
Number of updated asset objects reloaded before import = 0Number of asset objects unloaded after import = 2

========================================================================
Received Import Request.
  Time since last request: 178.424050 seconds.
  path: Assets/Models/Enemies
  artifactKey: Guid(cf1631185320b5145b2bc47f3f3e91c7) Importer(815301076,1909f56bfc062723c751e8b465ee728b)
Start importing Assets/Models/Enemies using Guid(cf1631185320b5145b2bc47f3f3e91c7) Importer(815301076,1909f56bfc062723c751e8b465ee728b) (PreviewImporter) -> (artifact id: 'e65ac26101d5286f7e42efd2fdc88304') in 0.0007354 seconds
Number of updated asset objects reloaded before import = 0Number of asset objects unloaded after import = 0

========================================================================
Received Import Request.
  Time since last request: 292.623838 seconds.
  path: Assets/Models/Enemies/Ch10_nonPBR.fbx
  artifactKey: Guid(dd932fe314b0d1642912e7f70662c192) Importer(815301076,1909f56bfc062723c751e8b465ee728b)
Start importing Assets/Models/Enemies/Ch10_nonPBR.fbx using Guid(dd932fe314b0d1642912e7f70662c192) Importer(815301076,1909f56bfc062723c751e8b465ee728b) (PreviewImporter) -> (artifact id: 'a2bda35647fa57ed06561cf8da9ba6dc') in 0.1082769 seconds
Number of updated asset objects reloaded before import = 0Number of asset objects unloaded after import = 141

